<?xml version="1.0" encoding="UTF-8"?>
<robot generator="Robot 7.4.2 (Python 3.12.3 on linux)" generated="2026-04-29T20:11:16.648299" rpa="false" schemaversion="5">
<suite id="s1" name="TestCase" source="/home/dmytro/Desktop/Robot/Tests/TestCase.robot">
<test id="s1-t1" name="TEST" line="9">
<status status="FAIL" start="2026-04-29T20:11:16.763251" elapsed="0.042868">Test cannot be empty.</status>
</test>
<status status="FAIL" start="2026-04-29T20:11:16.653433" elapsed="0.196881"/>
</suite>
<statistics>
<total>
<stat pass="0" fail="1" skip="0">All Tests</stat>
</total>
<tag>
</tag>
<suite>
<stat name="TestCase" id="s1" pass="0" fail="1" skip="0">TestCase</stat>
</suite>
</statistics>
<errors>
</errors>
</robot>
